<?xml version="1.0" encoding="UTF-8"?>
<!-- Generated by org.testng.reporters.JUnitReportReporter -->
<testsuite hostname="RUSHIKESH" failures="0" tests="4" name="Tests.SignupTest" time="61.364" errors="0" timestamp="2025-05-22T00:32:42 IST" skipped="0">
  <testcase classname="Tests.SignupTest" name="testSignup" time="16.495"/>
  <system-out/>
  <testcase classname="Tests.SignupTest" name="testSignup" time="9.107"/>
  <system-out/>
  <testcase classname="Tests.SignupTest" name="testSignup" time="10.939"/>
  <system-out/>
  <testcase classname="Tests.SignupTest" name="testSignup" time="24.823"/>
  <system-out/>
</testsuite> <!-- Tests.SignupTest -->
