<?xml version="1.0" encoding="UTF-8"?>
<!-- Generated by org.testng.reporters.JUnitReportReporter -->
<testsuite hostname="RUSHIKESH" failures="0" tests="4" name="Tests.LoginTest" time="80.027" errors="0" timestamp="2025-05-21T19:24:49 IST" skipped="0">
  <testcase classname="Tests.LoginTest" name="testLogin" time="16.538"/>
  <system-out/>
  <testcase classname="Tests.LoginTest" name="testLogin" time="12.862"/>
  <system-out/>
  <testcase classname="Tests.LoginTest" name="testLogin" time="29.158"/>
  <system-out/>
  <testcase classname="Tests.LoginTest" name="testLogin" time="21.469"/>
  <system-out/>
</testsuite> <!-- Tests.LoginTest -->
