<?xml version="1.0" encoding="UTF-8"?>
<!-- Generated by org.testng.reporters.JUnitXMLReporter -->
<testsuite ignored="0" hostname="RUSHIKESH" failures="0" tests="4" name="Default test" time="62.413" errors="0" timestamp="2025-05-22T00:32:42 IST">
  <testcase classname="Tests.SignupTest" name="testSignup" time="2.465"/>
  <testcase classname="Tests.SignupTest" name="testSignup" time="3.435"/>
  <testcase classname="Tests.SignupTest" name="testSignup" time="2.106"/>
  <testcase classname="Tests.SignupTest" name="testSignup" time="1.39"/>
</testsuite> <!-- Default test -->
