<?xml version="1.0" encoding="UTF-8"?>
<testng-results ignored="0" total="4" passed="4" failed="0" skipped="0">
  <reporter-output>
  </reporter-output>
  <suite started-at="2025-05-22T00:31:40 IST" name="Default suite" finished-at="2025-05-22T00:32:42 IST" duration-ms="62413">
    <groups>
    </groups>
    <test started-at="2025-05-22T00:31:40 IST" name="Default test" finished-at="2025-05-22T00:32:42 IST" duration-ms="62413">
      <class name="Tests.SignupTest">
        <test-method is-config="true" signature="setUpReport()[pri:0, instance:Tests.SignupTest@74f0ea28]" started-at="2025-05-22T00:31:40 IST" name="setUpReport" finished-at="2025-05-22T00:31:40 IST" duration-ms="414" status="PASS">
          <reporter-output>
          </reporter-output>
        </test-method> <!-- setUpReport -->
        <test-method is-config="true" signature="setUpDriver()[pri:0, instance:Tests.SignupTest@74f0ea28]" started-at="2025-05-22T00:31:40 IST" name="setUpDriver" finished-at="2025-05-22T00:32:02 IST" duration-ms="22004" status="PASS">
          <reporter-output>
          </reporter-output>
        </test-method> <!-- setUpDriver -->
        <test-method signature="testSignup(java.lang.String,java.lang.String,boolean)[pri:0, instance:Tests.SignupTest@74f0ea28]" started-at="2025-05-22T00:32:02 IST" name="testSignup" data-provider="signupData" finished-at="2025-05-22T00:32:05 IST" duration-ms="2465" status="PASS">
          <params>
            <param index="0">
              <value>
                <![CDATA[Hrishi Dahule]]>
              </value>
            </param>
            <param index="1">
              <value>
                <![CDATA[rushi4112@email.com]]>
              </value>
            </param>
            <param index="2">
              <value>
                <![CDATA[true]]>
              </value>
            </param>
          </params>
          <reporter-output>
          </reporter-output>
        </test-method> <!-- testSignup -->
        <test-method is-config="true" signature="tearDownDriver()[pri:0, instance:Tests.SignupTest@74f0ea28]" started-at="2025-05-22T00:32:05 IST" name="tearDownDriver" finished-at="2025-05-22T00:32:05 IST" duration-ms="354" status="PASS">
          <reporter-output>
          </reporter-output>
        </test-method> <!-- tearDownDriver -->
        <test-method is-config="true" signature="setUpDriver()[pri:0, instance:Tests.SignupTest@74f0ea28]" started-at="2025-05-22T00:32:05 IST" name="setUpDriver" finished-at="2025-05-22T00:32:12 IST" duration-ms="7003" status="PASS">
          <reporter-output>
          </reporter-output>
        </test-method> <!-- setUpDriver -->
        <test-method signature="testSignup(java.lang.String,java.lang.String,boolean)[pri:0, instance:Tests.SignupTest@74f0ea28]" started-at="2025-05-22T00:32:12 IST" name="testSignup" data-provider="signupData" finished-at="2025-05-22T00:32:16 IST" duration-ms="3435" status="PASS">
          <params>
            <param index="0">
              <value>
                <![CDATA[Hrishi Dahule]]>
              </value>
            </param>
            <param index="1">
              <value>
                <![CDATA[hrishitest@email.com]]>
              </value>
            </param>
            <param index="2">
              <value>
                <![CDATA[false]]>
              </value>
            </param>
          </params>
          <reporter-output>
          </reporter-output>
        </test-method> <!-- testSignup -->
        <test-method is-config="true" signature="tearDownDriver()[pri:0, instance:Tests.SignupTest@74f0ea28]" started-at="2025-05-22T00:32:16 IST" name="tearDownDriver" finished-at="2025-05-22T00:32:16 IST" duration-ms="501" status="PASS">
          <reporter-output>
          </reporter-output>
        </test-method> <!-- tearDownDriver -->
        <test-method is-config="true" signature="setUpDriver()[pri:0, instance:Tests.SignupTest@74f0ea28]" started-at="2025-05-22T00:32:16 IST" name="setUpDriver" finished-at="2025-05-22T00:32:30 IST" duration-ms="14024" status="PASS">
          <reporter-output>
          </reporter-output>
        </test-method> <!-- setUpDriver -->
        <test-method signature="testSignup(java.lang.String,java.lang.String,boolean)[pri:0, instance:Tests.SignupTest@74f0ea28]" started-at="2025-05-22T00:32:30 IST" name="testSignup" data-provider="signupData" finished-at="2025-05-22T00:32:32 IST" duration-ms="2106" status="PASS">
          <params>
            <param index="0">
              <value>
                <![CDATA[]]>
              </value>
            </param>
            <param index="1">
              <value>
                <![CDATA[uniqueemail@email.com]]>
              </value>
            </param>
            <param index="2">
              <value>
                <![CDATA[false]]>
              </value>
            </param>
          </params>
          <reporter-output>
          </reporter-output>
        </test-method> <!-- testSignup -->
        <test-method is-config="true" signature="tearDownDriver()[pri:0, instance:Tests.SignupTest@74f0ea28]" started-at="2025-05-22T00:32:32 IST" name="tearDownDriver" finished-at="2025-05-22T00:32:33 IST" duration-ms="385" status="PASS">
          <reporter-output>
          </reporter-output>
        </test-method> <!-- tearDownDriver -->
        <test-method is-config="true" signature="setUpDriver()[pri:0, instance:Tests.SignupTest@74f0ea28]" started-at="2025-05-22T00:32:33 IST" name="setUpDriver" finished-at="2025-05-22T00:32:40 IST" duration-ms="7332" status="PASS">
          <reporter-output>
          </reporter-output>
        </test-method> <!-- setUpDriver -->
        <test-method signature="testSignup(java.lang.String,java.lang.String,boolean)[pri:0, instance:Tests.SignupTest@74f0ea28]" started-at="2025-05-22T00:32:40 IST" name="testSignup" data-provider="signupData" finished-at="2025-05-22T00:32:41 IST" duration-ms="1390" status="PASS">
          <params>
            <param index="0">
              <value>
                <![CDATA[Valid Name]]>
              </value>
            </param>
            <param index="1">
              <value>
                <![CDATA[]]>
              </value>
            </param>
            <param index="2">
              <value>
                <![CDATA[false]]>
              </value>
            </param>
          </params>
          <reporter-output>
          </reporter-output>
        </test-method> <!-- testSignup -->
        <test-method is-config="true" signature="tearDownDriver()[pri:0, instance:Tests.SignupTest@74f0ea28]" started-at="2025-05-22T00:32:41 IST" name="tearDownDriver" finished-at="2025-05-22T00:32:42 IST" duration-ms="365" status="PASS">
          <reporter-output>
          </reporter-output>
        </test-method> <!-- tearDownDriver -->
        <test-method is-config="true" signature="tearDownReport()[pri:0, instance:Tests.SignupTest@74f0ea28]" started-at="2025-05-22T00:32:42 IST" name="tearDownReport" finished-at="2025-05-22T00:32:42 IST" duration-ms="570" status="PASS">
          <reporter-output>
          </reporter-output>
        </test-method> <!-- tearDownReport -->
      </class> <!-- Tests.SignupTest -->
    </test> <!-- Default test -->
  </suite> <!-- Default suite -->
</testng-results>
